Using pre-set license
Built from '2021.3/staging' branch; Version is '2021.3.16f1 (4016570cf34f) revision 4200023'; Using compiler version '192829333'; Build Type 'Release'
OS: 'Windows 11  (10.0.22621) 64bit Professional' Language: 'ru' Physical Memory: 32694 MB
BatchMode: 1, IsHumanControllingUs: 0, StartBugReporterOnCrash: 0, Is64bit: 1, IsPro: 1

COMMAND LINE ARGUMENTS:
D:\Program Files\Unity\2021.3.16f1\Editor\Unity.exe
-adb2
-batchMode
-noUpm
-name
AssetImportWorker2
-projectPath
F:/Unity-Projects/GB-Strategy
-logFile
Logs/AssetImportWorker2.log
-srvPort
49738
Successfully changed project path to: F:/Unity-Projects/GB-Strategy
F:/Unity-Projects/GB-Strategy
[UnityMemory] Configuration Parameters - Can be set up in boot.config
    "memorysetup-bucket-allocator-granularity=16"
    "memorysetup-bucket-allocator-bucket-count=8"
    "memorysetup-bucket-allocator-block-size=33554432"
    "memorysetup-bucket-allocator-block-count=8"
    "memorysetup-main-allocator-block-size=16777216"
    "memorysetup-thread-allocator-block-size=16777216"
    "memorysetup-gfx-main-allocator-block-size=16777216"
    "memorysetup-gfx-thread-allocator-block-size=16777216"
    "memorysetup-cache-allocator-block-size=4194304"
    "memorysetup-typetree-allocator-block-size=2097152"
    "memorysetup-profiler-bucket-allocator-granularity=16"
    "memorysetup-profiler-bucket-allocator-bucket-count=8"
    "memorysetup-profiler-bucket-allocator-block-size=33554432"
    "memorysetup-profiler-bucket-allocator-block-count=8"
    "memorysetup-profiler-allocator-block-size=16777216"
    "memorysetup-profiler-editor-allocator-block-size=1048576"
    "memorysetup-temp-allocator-size-main=16777216"
    "memorysetup-job-temp-allocator-block-size=2097152"
    "memorysetup-job-temp-allocator-block-size-background=1048576"
    "memorysetup-job-temp-allocator-reduction-small-platforms=262144"
    "memorysetup-temp-allocator-size-background-worker=32768"
    "memorysetup-temp-allocator-size-job-worker=262144"
    "memorysetup-temp-allocator-size-preload-manager=33554432"
    "memorysetup-temp-allocator-size-nav-mesh-worker=65536"
    "memorysetup-temp-allocator-size-audio-worker=65536"
    "memorysetup-temp-allocator-size-cloud-worker=32768"
    "memorysetup-temp-allocator-size-gi-baking-worker=262144"
    "memorysetup-temp-allocator-size-gfx=262144"
Player connection [19980] Host "[IP] 192.168.0.109 [Port] 0 [Flags] 2 [Guid] 3937634029 [EditorId] 3937634029 [Version] 1048832 [Id] WindowsEditor(7,DESKTOP-47KKTOS) [Debug] 1 [PackageName] WindowsEditor [ProjectName] Editor" joined multi-casting on [225.0.0.222:54997]...

Player connection [19980] Host "[IP] 192.168.0.109 [Port] 0 [Flags] 2 [Guid] 3937634029 [EditorId] 3937634029 [Version] 1048832 [Id] WindowsEditor(7,DESKTOP-47KKTOS) [Debug] 1 [PackageName] WindowsEditor [ProjectName] Editor" joined alternative multi-casting on [225.0.0.222:34997]...

Refreshing native plugins compatible for Editor in 91.34 ms, found 3 plugins.
Preloading 0 native plugins for Editor in 0.00 ms.
Initialize engine version: 2021.3.16f1 (4016570cf34f)
[Subsystems] Discovering subsystems at path D:/Program Files/Unity/2021.3.16f1/Editor/Data/Resources/UnitySubsystems
[Subsystems] Discovering subsystems at path F:/Unity-Projects/GB-Strategy/Assets
GfxDevice: creating device client; threaded=0; jobified=0
Direct3D:
    Version:  Direct3D 11.0 [level 11.1]
    Renderer: NVIDIA GeForce RTX 3060 (ID=0x2504)
    Vendor:   NVIDIA
    VRAM:     12129 MB
    Driver:   31.0.15.3141
Initialize mono
Mono path[0] = 'D:/Program Files/Unity/2021.3.16f1/Editor/Data/Managed'
Mono path[1] = 'D:/Program Files/Unity/2021.3.16f1/Editor/Data/MonoBleedingEdge/lib/mono/unityjit-win32'
Mono config path = 'D:/Program Files/Unity/2021.3.16f1/Editor/Data/MonoBleedingEdge/etc'
Using monoOptions --debugger-agent=transport=dt_socket,embedding=1,server=y,suspend=n,address=127.0.0.1:56800
Begin MonoManager ReloadAssembly
Registering precompiled unity dll's ...
Register platform support module: D:/Program Files/Unity/2021.3.16f1/Editor/Data/PlaybackEngines/WebGLSupport/UnityEditor.WebGL.Extensions.dll
Register platform support module: D:/Program Files/Unity/2021.3.16f1/Editor/Data/PlaybackEngines/AndroidPlayer/UnityEditor.Android.Extensions.dll
Register platform support module: D:/Program Files/Unity/2021.3.16f1/Editor/Data/PlaybackEngines/iOSSupport/UnityEditor.iOS.Extensions.dll
Register platform support module: D:/Program Files/Unity/2021.3.16f1/Editor/Data/PlaybackEngines/WindowsStandaloneSupport/UnityEditor.WindowsStandalone.Extensions.dll
Registered in 0.003056 seconds.
Native extension for WindowsStandalone target not found
[usbmuxd] Start listen thread
[usbmuxd] Listen thread started
Native extension for iOS target not found
Native extension for Android target not found
Native extension for WebGL target not found
Refreshing native plugins compatible for Editor in 77.64 ms, found 3 plugins.
Preloading 0 native plugins for Editor in 0.00 ms.
Mono: successfully reloaded assembly
- Completed reload, in  0.630 seconds
Domain Reload Profiling:
	ReloadAssembly (630ms)
		BeginReloadAssembly (86ms)
			ExecutionOrderSort (0ms)
			DisableScriptedObjects (0ms)
			BackupInstance (0ms)
			ReleaseScriptingObjects (0ms)
			CreateAndSetChildDomain (1ms)
		EndReloadAssembly (445ms)
			LoadAssemblies (87ms)
			RebuildTransferFunctionScriptingTraits (0ms)
			SetupTypeCache (104ms)
			ReleaseScriptCaches (0ms)
			RebuildScriptCaches (25ms)
			SetupLoadedEditorAssemblies (270ms)
				LogAssemblyErrors (0ms)
				InitializePlatformSupportModulesInManaged (61ms)
				SetLoadedEditorAssemblies (0ms)
				RefreshPlugins (78ms)
				BeforeProcessingInitializeOnLoad (1ms)
				ProcessInitializeOnLoadAttributes (89ms)
				ProcessInitializeOnLoadMethodAttributes (40ms)
				AfterProcessingInitializeOnLoad (0ms)
				EditorAssembliesLoaded (0ms)
			ExecutionOrderSort2 (0ms)
			AwakeInstancesAfterBackupRestoration (0ms)
Platform modules already initialized, skipping
Registering precompiled user dll's ...
Registered in 0.005094 seconds.
Begin MonoManager ReloadAssembly
Symbol file LoadedFromMemory doesn't match image F:\Unity-Projects\GB-Strategy\Library\PackageCache\com.unity.visualscripting@1.7.8\Editor\VisualScripting.Core\Dependencies\YamlDotNet\Unity.VisualScripting.YamlDotNet.dll
Symbol file LoadedFromMemory doesn't match image F:\Unity-Projects\GB-Strategy\Library\PackageCache\com.unity.visualscripting@1.7.8\Editor\VisualScripting.Core\Dependencies\DotNetZip\Unity.VisualScripting.IonicZip.dll
Native extension for WindowsStandalone target not found
Native extension for iOS target not found
Native extension for Android target not found
Native extension for WebGL target not found
Refreshing native plugins compatible for Editor in 0.81 ms, found 3 plugins.
Preloading 0 native plugins for Editor in 0.00 ms.
Mono: successfully reloaded assembly
- Completed reload, in  1.084 seconds
Domain Reload Profiling:
	ReloadAssembly (1085ms)
		BeginReloadAssembly (223ms)
			ExecutionOrderSort (0ms)
			DisableScriptedObjects (7ms)
			BackupInstance (0ms)
			ReleaseScriptingObjects (0ms)
			CreateAndSetChildDomain (128ms)
		EndReloadAssembly (757ms)
			LoadAssemblies (96ms)
			RebuildTransferFunctionScriptingTraits (0ms)
			SetupTypeCache (261ms)
			ReleaseScriptCaches (1ms)
			RebuildScriptCaches (47ms)
			SetupLoadedEditorAssemblies (333ms)
				LogAssemblyErrors (0ms)
				InitializePlatformSupportModulesInManaged (21ms)
				SetLoadedEditorAssemblies (1ms)
				RefreshPlugins (1ms)
				BeforeProcessingInitializeOnLoad (76ms)
				ProcessInitializeOnLoadAttributes (211ms)
				ProcessInitializeOnLoadMethodAttributes (22ms)
				AfterProcessingInitializeOnLoad (2ms)
				EditorAssembliesLoaded (0ms)
			ExecutionOrderSort2 (0ms)
			AwakeInstancesAfterBackupRestoration (6ms)
Platform modules already initialized, skipping
========================================================================
Worker process is ready to serve import requests
Launched and connected shader compiler UnityShaderCompiler.exe after 0.05 seconds
Refreshing native plugins compatible for Editor in 0.77 ms, found 3 plugins.
Preloading 0 native plugins for Editor in 0.00 ms.
Unloading 3361 Unused Serialized files (Serialized files now loaded: 0)
Unloading 27 unused Assets / (113.5 KB). Loaded Objects now: 3820.
Memory consumption went from 115.6 MB to 115.5 MB.
Total: 3.311300 ms (FindLiveObjects: 0.317700 ms CreateObjectMapping: 0.095600 ms MarkObjects: 2.796300 ms  DeleteObjects: 0.100700 ms)

AssetImportParameters requested are different than current active one (requested -> active):
  custom:video-decoder-ogg-theora: a1e56fd34408186e4bbccfd4996cb3dc -> 
  custom:container-muxer-webm: aa71ff27fc2769a1b78a27578f13a17b -> 
  custom:container-demuxer-webm: 4f35f7cbe854078d1ac9338744f61a02 -> 
  custom:video-encoder-webm-vp8: eb34c28f22e8b96e1ab97ce403110664 -> 
  custom:video-codec-MediaFoundation-h265: 746d11721c4dcdbdad8f713fa42b33f4 -> 
  custom:audio-encoder-webm-vorbis: bf7c407c2cedff20999df2af8eb42d56 -> 
  custom:framework-win-MediaFoundation: 216162199b28c13a410421893ffa2e32 -> 
  custom:container-demuxer-ogg: 62fdf1f143b41e24485cea50d1cbac27 -> 
  custom:video-decoder-webm-vp8: 9c59270c3fd7afecdb556c50c9e8de78 -> 
  custom:audio-decoder-ogg-vorbis: bf7c407c2cedff20999df2af8eb42d56 -> 
========================================================================
Received Import Request.
  Time since last request: 274428.018564 seconds.
  path: Assets/Scripts/UserControlSystem/UserControlSystem.asmdef
  artifactKey: Guid(744e03429dccae543b220b1f563982ee) Importer(815301076,1909f56bfc062723c751e8b465ee728b)
Start importing Assets/Scripts/UserControlSystem/UserControlSystem.asmdef using Guid(744e03429dccae543b220b1f563982ee) Importer(815301076,1909f56bfc062723c751e8b465ee728b)  -> (artifact id: 'cf12cfde17c0449197c977eb7b004e2c') in 0.027274 seconds 
========================================================================
Received Prepare
Registering precompiled user dll's ...
Registered in 0.005184 seconds.
Begin MonoManager ReloadAssembly
Symbol file LoadedFromMemory doesn't match image F:\Unity-Projects\GB-Strategy\Library\PackageCache\com.unity.visualscripting@1.7.8\Editor\VisualScripting.Core\Dependencies\YamlDotNet\Unity.VisualScripting.YamlDotNet.dll
Symbol file LoadedFromMemory doesn't match image F:\Unity-Projects\GB-Strategy\Library\PackageCache\com.unity.visualscripting@1.7.8\Editor\VisualScripting.Core\Dependencies\DotNetZip\Unity.VisualScripting.IonicZip.dll
Native extension for WindowsStandalone target not found
Native extension for iOS target not found
Native extension for Android target not found
Native extension for WebGL target not found
Refreshing native plugins compatible for Editor in 0.92 ms, found 3 plugins.
Preloading 0 native plugins for Editor in 0.00 ms.
Mono: successfully reloaded assembly
- Completed reload, in  1.089 seconds
Domain Reload Profiling:
	ReloadAssembly (1089ms)
		BeginReloadAssembly (185ms)
			ExecutionOrderSort (0ms)
			DisableScriptedObjects (6ms)
			BackupInstance (0ms)
			ReleaseScriptingObjects (0ms)
			CreateAndSetChildDomain (47ms)
		EndReloadAssembly (784ms)
			LoadAssemblies (131ms)
			RebuildTransferFunctionScriptingTraits (0ms)
			SetupTypeCache (311ms)
			ReleaseScriptCaches (1ms)
			RebuildScriptCaches (41ms)
			SetupLoadedEditorAssemblies (300ms)
				LogAssemblyErrors (0ms)
				InitializePlatformSupportModulesInManaged (33ms)
				SetLoadedEditorAssemblies (0ms)
				RefreshPlugins (1ms)
				BeforeProcessingInitializeOnLoad (61ms)
				ProcessInitializeOnLoadAttributes (181ms)
				ProcessInitializeOnLoadMethodAttributes (21ms)
				AfterProcessingInitializeOnLoad (3ms)
				EditorAssembliesLoaded (0ms)
			ExecutionOrderSort2 (0ms)
			AwakeInstancesAfterBackupRestoration (7ms)
Platform modules already initialized, skipping
Refreshing native plugins compatible for Editor in 2.74 ms, found 3 plugins.
Preloading 0 native plugins for Editor in 0.00 ms.
Unloading 3356 Unused Serialized files (Serialized files now loaded: 0)
Unloading 20 unused Assets / (79.9 KB). Loaded Objects now: 3823.
Memory consumption went from 115.6 MB to 115.5 MB.
Total: 2.887200 ms (FindLiveObjects: 0.286300 ms CreateObjectMapping: 0.074900 ms MarkObjects: 2.440300 ms  DeleteObjects: 0.084300 ms)

AssetImportParameters requested are different than current active one (requested -> active):
  custom:video-decoder-ogg-theora: a1e56fd34408186e4bbccfd4996cb3dc -> 
  custom:container-muxer-webm: aa71ff27fc2769a1b78a27578f13a17b -> 
  custom:container-demuxer-webm: 4f35f7cbe854078d1ac9338744f61a02 -> 
  custom:video-encoder-webm-vp8: eb34c28f22e8b96e1ab97ce403110664 -> 
  custom:video-codec-MediaFoundation-h265: 746d11721c4dcdbdad8f713fa42b33f4 -> 
  custom:audio-encoder-webm-vorbis: bf7c407c2cedff20999df2af8eb42d56 -> 
  custom:framework-win-MediaFoundation: 216162199b28c13a410421893ffa2e32 -> 
  custom:container-demuxer-ogg: 62fdf1f143b41e24485cea50d1cbac27 -> 
  custom:video-decoder-webm-vp8: 9c59270c3fd7afecdb556c50c9e8de78 -> 
  custom:audio-decoder-ogg-vorbis: bf7c407c2cedff20999df2af8eb42d56 -> 
========================================================================
Received Import Request.
  Time since last request: 309.829107 seconds.
  path: Assets/Scenes/SampleScene.unity
  artifactKey: Guid(9fc0d4010bbf28b4594072e72b8655ab) Importer(815301076,1909f56bfc062723c751e8b465ee728b)
Start importing Assets/Scenes/SampleScene.unity using Guid(9fc0d4010bbf28b4594072e72b8655ab) Importer(815301076,1909f56bfc062723c751e8b465ee728b)  -> (artifact id: 'e55ccaa32d8e5c1de03c07a5412c8c3c') in 0.015888 seconds 
========================================================================
Received Import Request.
  Time since last request: 2.657504 seconds.
  path: Assets/Scenes/Main.unity
  artifactKey: Guid(9fc0d4010bbf28b4594072e72b8655ab) Importer(815301076,1909f56bfc062723c751e8b465ee728b)
Start importing Assets/Scenes/Main.unity using Guid(9fc0d4010bbf28b4594072e72b8655ab) Importer(815301076,1909f56bfc062723c751e8b465ee728b)  -> (artifact id: 'e14c6db9487ef92a94dc58885498e97d') in 0.011179 seconds 
========================================================================
Received Import Request.
  Time since last request: 101.881691 seconds.
  path: Assets/3D Gamekit - Environment Pack/Environment/Ground/Materials/Ground_Mat.mat
  artifactKey: Guid(61be5fb840b83854a95a1ef4982462cd) Importer(815301076,1909f56bfc062723c751e8b465ee728b)
Start importing Assets/3D Gamekit - Environment Pack/Environment/Ground/Materials/Ground_Mat.mat using Guid(61be5fb840b83854a95a1ef4982462cd) Importer(815301076,1909f56bfc062723c751e8b465ee728b)  -> (artifact id: 'deb5d5fdde0da067e1c346ff426037db') in 0.422354 seconds 
========================================================================
Received Import Request.
  Time since last request: 40.721036 seconds.
  path: Assets/3D Gamekit - Environment Pack/Environment/Rocks/Materials/CliffBig01_Mat.mat
  artifactKey: Guid(3311bbf097e3ee64ebed88f09c6e5ec1) Importer(815301076,1909f56bfc062723c751e8b465ee728b)
Start importing Assets/3D Gamekit - Environment Pack/Environment/Rocks/Materials/CliffBig01_Mat.mat using Guid(3311bbf097e3ee64ebed88f09c6e5ec1) Importer(815301076,1909f56bfc062723c751e8b465ee728b)  -> (artifact id: '524705d920d76d6259554ad66eb5d9c2') in 0.344935 seconds 
========================================================================
Received Import Request.
  Time since last request: 0.000027 seconds.
  path: Assets/3D Gamekit - Environment Pack/Environment/Rocks/Materials/RockFloating02_Mat.mat
  artifactKey: Guid(3b01d315743ae97459ca3d3bd461e4be) Importer(815301076,1909f56bfc062723c751e8b465ee728b)
Start importing Assets/3D Gamekit - Environment Pack/Environment/Rocks/Materials/RockFloating02_Mat.mat using Guid(3b01d315743ae97459ca3d3bd461e4be) Importer(815301076,1909f56bfc062723c751e8b465ee728b)  -> (artifact id: 'c8c40038c87d987635137b47070c2650') in 0.256452 seconds 
========================================================================
Received Import Request.
  Time since last request: 0.000035 seconds.
  path: Assets/3D Gamekit - Environment Pack/Environment/Rocks/Materials/RockFloating03_Mat.mat
  artifactKey: Guid(2a8b76488fd1340459de8f96ea4eb868) Importer(815301076,1909f56bfc062723c751e8b465ee728b)
Start importing Assets/3D Gamekit - Environment Pack/Environment/Rocks/Materials/RockFloating03_Mat.mat using Guid(2a8b76488fd1340459de8f96ea4eb868) Importer(815301076,1909f56bfc062723c751e8b465ee728b)  -> (artifact id: '9b8fff27dbbab309e063c69c4f803df4') in 0.018532 seconds 
========================================================================
Received Import Request.
  Time since last request: 0.000022 seconds.
  path: Assets/3D Gamekit - Environment Pack/Environment/Rocks/Materials/RockFloating04_Mat.mat
  artifactKey: Guid(3ef81e43f26c03a48a716c889d201861) Importer(815301076,1909f56bfc062723c751e8b465ee728b)
Start importing Assets/3D Gamekit - Environment Pack/Environment/Rocks/Materials/RockFloating04_Mat.mat using Guid(3ef81e43f26c03a48a716c889d201861) Importer(815301076,1909f56bfc062723c751e8b465ee728b)  -> (artifact id: '5eaf92c884065724772d02f4dfa8b577') in 0.021510 seconds 
========================================================================
Received Import Request.
  Time since last request: 0.000024 seconds.
  path: Assets/3D Gamekit - Environment Pack/Environment/Rocks/Materials/RockFloating01_Mat.mat
  artifactKey: Guid(40cfcebf1ef55f74092c951f459bc5c5) Importer(815301076,1909f56bfc062723c751e8b465ee728b)
Start importing Assets/3D Gamekit - Environment Pack/Environment/Rocks/Materials/RockFloating01_Mat.mat using Guid(40cfcebf1ef55f74092c951f459bc5c5) Importer(815301076,1909f56bfc062723c751e8b465ee728b)  -> (artifact id: '8c6eac76774eb37d340d26477f810ec7') in 0.018449 seconds 
========================================================================
Received Import Request.
  Time since last request: 0.001448 seconds.
  path: Assets/3D Gamekit - Environment Pack/Environment/Rocks/Models/CliffBig01.fbx
  artifactKey: Guid(843d122e5e84aa84db8a1036fe1d3dd8) Importer(815301076,1909f56bfc062723c751e8b465ee728b)
Start importing Assets/3D Gamekit - Environment Pack/Environment/Rocks/Models/CliffBig01.fbx using Guid(843d122e5e84aa84db8a1036fe1d3dd8) Importer(815301076,1909f56bfc062723c751e8b465ee728b)  -> (artifact id: '65a8b6516997f7c27511473d95f27350') in 0.349753 seconds 
========================================================================
Received Import Request.
  Time since last request: 0.000023 seconds.
  path: Assets/3D Gamekit - Environment Pack/Environment/Rocks/Models/RockSwamp01.fbx
  artifactKey: Guid(0e7a0cbe96ebe3747a42d2e165016ddc) Importer(815301076,1909f56bfc062723c751e8b465ee728b)
Start importing Assets/3D Gamekit - Environment Pack/Environment/Rocks/Models/RockSwamp01.fbx using Guid(0e7a0cbe96ebe3747a42d2e165016ddc) Importer(815301076,1909f56bfc062723c751e8b465ee728b)  -> (artifact id: 'f3f54581497f719c999264ec1f391132') in 0.056339 seconds 
========================================================================
Received Import Request.
  Time since last request: 0.000034 seconds.
  path: Assets/3D Gamekit - Environment Pack/Environment/Rocks/Models/RockFloating03.fbx
  artifactKey: Guid(ee66908065bbfd749bae2cde22f0ad46) Importer(815301076,1909f56bfc062723c751e8b465ee728b)
Start importing Assets/3D Gamekit - Environment Pack/Environment/Rocks/Models/RockFloating03.fbx using Guid(ee66908065bbfd749bae2cde22f0ad46) Importer(815301076,1909f56bfc062723c751e8b465ee728b)  -> (artifact id: 'b8a4672ad5c2a64324f1952594e6fe5c') in 0.037267 seconds 
========================================================================
Received Import Request.
  Time since last request: 0.000019 seconds.
  path: Assets/3D Gamekit - Environment Pack/Environment/Rocks/Models/RockLedge01.fbx
  artifactKey: Guid(21880eb3f26ed7f4ea0648ac43fd486a) Importer(815301076,1909f56bfc062723c751e8b465ee728b)
Start importing Assets/3D Gamekit - Environment Pack/Environment/Rocks/Models/RockLedge01.fbx using Guid(21880eb3f26ed7f4ea0648ac43fd486a) Importer(815301076,1909f56bfc062723c751e8b465ee728b)  -> (artifact id: 'fa9364bba085daffe6abc348f5b94852') in 0.064733 seconds 
========================================================================
Received Import Request.
  Time since last request: 0.000024 seconds.
  path: Assets/3D Gamekit - Environment Pack/Environment/Rocks/Models/CliffEdge01.fbx
  artifactKey: Guid(04fa4995cb1cfcd4eb8dc1defa230c89) Importer(815301076,1909f56bfc062723c751e8b465ee728b)
Start importing Assets/3D Gamekit - Environment Pack/Environment/Rocks/Models/CliffEdge01.fbx using Guid(04fa4995cb1cfcd4eb8dc1defa230c89) Importer(815301076,1909f56bfc062723c751e8b465ee728b)  -> (artifact id: '57e920d1f81c4b7d55f7fc5b02aef307') in 0.060852 seconds 
========================================================================
Received Import Request.
  Time since last request: 0.000029 seconds.
  path: Assets/3D Gamekit - Environment Pack/Environment/Rocks/Models/RockFloating01.fbx
  artifactKey: Guid(2be1311ba057652448cee2e5e7f1e84b) Importer(815301076,1909f56bfc062723c751e8b465ee728b)
Start importing Assets/3D Gamekit - Environment Pack/Environment/Rocks/Models/RockFloating01.fbx using Guid(2be1311ba057652448cee2e5e7f1e84b) Importer(815301076,1909f56bfc062723c751e8b465ee728b)  -> (artifact id: '4ae007b38a35404b85ad556efc4f3863') in 0.037269 seconds 
========================================================================
Received Import Request.
  Time since last request: 0.000023 seconds.
  path: Assets/3D Gamekit - Environment Pack/Environment/Rocks/Models/Ridge01.fbx
  artifactKey: Guid(c5712480ad7732348bdc1eedb4b0b25c) Importer(815301076,1909f56bfc062723c751e8b465ee728b)
Start importing Assets/3D Gamekit - Environment Pack/Environment/Rocks/Models/Ridge01.fbx using Guid(c5712480ad7732348bdc1eedb4b0b25c) Importer(815301076,1909f56bfc062723c751e8b465ee728b)  -> (artifact id: '5a7811d0ce34b0ea087adee20686c359') in 0.062130 seconds 
========================================================================
Received Import Request.
  Time since last request: 0.000036 seconds.
  path: Assets/3D Gamekit - Environment Pack/Environment/Rocks/Models/RockFloating04.fbx
  artifactKey: Guid(212368ab19d8225429a208adc2442249) Importer(815301076,1909f56bfc062723c751e8b465ee728b)
Start importing Assets/3D Gamekit - Environment Pack/Environment/Rocks/Models/RockFloating04.fbx using Guid(212368ab19d8225429a208adc2442249) Importer(815301076,1909f56bfc062723c751e8b465ee728b)  -> (artifact id: '357ef2fa51634d5f95202fe321305cae') in 0.038694 seconds 
========================================================================
Received Import Request.
  Time since last request: 0.000030 seconds.
  path: Assets/3D Gamekit - Environment Pack/Environment/Rocks/Models/SmallRock03.fbx
  artifactKey: Guid(444c567cdf5dbb548861108ecae53204) Importer(815301076,1909f56bfc062723c751e8b465ee728b)
Start importing Assets/3D Gamekit - Environment Pack/Environment/Rocks/Models/SmallRock03.fbx using Guid(444c567cdf5dbb548861108ecae53204) Importer(815301076,1909f56bfc062723c751e8b465ee728b)  -> (artifact id: '8464dda7ea32289b9c51d15ff5916dc2') in 0.213196 seconds 
========================================================================
Received Import Request.
  Time since last request: 283.062567 seconds.
  path: Assets/3D Gamekit - Environment Pack/Environment/Vegetation/Large/Models/VegetationLarge01.fbx
  artifactKey: Guid(528bcfb2338ecb2418b75a2b59da9848) Importer(815301076,1909f56bfc062723c751e8b465ee728b)
Start importing Assets/3D Gamekit - Environment Pack/Environment/Vegetation/Large/Models/VegetationLarge01.fbx using Guid(528bcfb2338ecb2418b75a2b59da9848) Importer(815301076,1909f56bfc062723c751e8b465ee728b)  -> (artifact id: '5fe3d63bac6127b5c8bbccd04ae8e2b0') in 0.243651 seconds 
========================================================================
Received Import Request.
  Time since last request: 0.000027 seconds.
  path: Assets/3D Gamekit - Environment Pack/Environment/Vegetation/Large/Models/VegetationLarge04.fbx
  artifactKey: Guid(50b92cf3f08f03745bbc74de550c2dc7) Importer(815301076,1909f56bfc062723c751e8b465ee728b)
Start importing Assets/3D Gamekit - Environment Pack/Environment/Vegetation/Large/Models/VegetationLarge04.fbx using Guid(50b92cf3f08f03745bbc74de550c2dc7) Importer(815301076,1909f56bfc062723c751e8b465ee728b)  -> (artifact id: '7e25ec63ff49739eadbc9fd82df86192') in 0.067945 seconds 
========================================================================
Received Import Request.
  Time since last request: 0.000029 seconds.
  path: Assets/3D Gamekit - Environment Pack/Environment/Vegetation/Large/Models/VegetationLarge03_02.fbx
  artifactKey: Guid(8eaceb728e8170e4ea6bde32da984bc7) Importer(815301076,1909f56bfc062723c751e8b465ee728b)
Start importing Assets/3D Gamekit - Environment Pack/Environment/Vegetation/Large/Models/VegetationLarge03_02.fbx using Guid(8eaceb728e8170e4ea6bde32da984bc7) Importer(815301076,1909f56bfc062723c751e8b465ee728b)  -> (artifact id: '4ee8d059e4f4ab6714de78df55342539') in 0.071601 seconds 
========================================================================
Received Import Request.
  Time since last request: 0.000016 seconds.
  path: Assets/3D Gamekit - Environment Pack/Environment/Vegetation/Large/Models/VegetationLarge05_02.fbx
  artifactKey: Guid(48e9b3f8587ad7e46afa325dad953978) Importer(815301076,1909f56bfc062723c751e8b465ee728b)
Start importing Assets/3D Gamekit - Environment Pack/Environment/Vegetation/Large/Models/VegetationLarge05_02.fbx using Guid(48e9b3f8587ad7e46afa325dad953978) Importer(815301076,1909f56bfc062723c751e8b465ee728b)  -> (artifact id: 'f82cc45d0b75d561f15761e1b19ff9f6') in 0.070026 seconds 
========================================================================
Received Import Request.
  Time since last request: 0.000023 seconds.
  path: Assets/3D Gamekit - Environment Pack/Environment/Vegetation/Large/Models/VegetationLarge07.fbx
  artifactKey: Guid(86873b3ddd4a1a548a9d25799c621b3d) Importer(815301076,1909f56bfc062723c751e8b465ee728b)
Start importing Assets/3D Gamekit - Environment Pack/Environment/Vegetation/Large/Models/VegetationLarge07.fbx using Guid(86873b3ddd4a1a548a9d25799c621b3d) Importer(815301076,1909f56bfc062723c751e8b465ee728b)  -> (artifact id: '2db9babf6399cb7315d9117ad90dac15') in 0.190571 seconds 
========================================================================
Received Import Request.
  Time since last request: 0.000025 seconds.
  path: Assets/3D Gamekit - Environment Pack/Environment/Vegetation/Large/Models/VegetationLarge02.fbx
  artifactKey: Guid(f119fa83f1038ac4b833f21a41cae9d1) Importer(815301076,1909f56bfc062723c751e8b465ee728b)
Start importing Assets/3D Gamekit - Environment Pack/Environment/Vegetation/Large/Models/VegetationLarge02.fbx using Guid(f119fa83f1038ac4b833f21a41cae9d1) Importer(815301076,1909f56bfc062723c751e8b465ee728b)  -> (artifact id: '8b604f28368bd74b079f0aec48cba52e') in 0.059648 seconds 
========================================================================
Received Import Request.
  Time since last request: 33.678451 seconds.
  path: Assets/3D Gamekit - Environment Pack/Environment/Vegetation/Small/Models/VegetationSmall01_02.fbx
  artifactKey: Guid(4ad71d0c76d63374e9c5fef03ba3b118) Importer(815301076,1909f56bfc062723c751e8b465ee728b)
Start importing Assets/3D Gamekit - Environment Pack/Environment/Vegetation/Small/Models/VegetationSmall01_02.fbx using Guid(4ad71d0c76d63374e9c5fef03ba3b118) Importer(815301076,1909f56bfc062723c751e8b465ee728b)  -> (artifact id: '6d861ad72adc05ecd0cb9ab23fd21dc8') in 0.243536 seconds 
========================================================================
Received Import Request.
  Time since last request: 0.000039 seconds.
  path: Assets/3D Gamekit - Environment Pack/Environment/Vegetation/Small/Models/VegetationSmall05_02.fbx
  artifactKey: Guid(bed48d94682673e41b4f517d55b6b0ca) Importer(815301076,1909f56bfc062723c751e8b465ee728b)
Start importing Assets/3D Gamekit - Environment Pack/Environment/Vegetation/Small/Models/VegetationSmall05_02.fbx using Guid(bed48d94682673e41b4f517d55b6b0ca) Importer(815301076,1909f56bfc062723c751e8b465ee728b)  -> (artifact id: 'a3d593b42200fe34c5e9f5aa2c6d1fb9') in 0.054779 seconds 
========================================================================
Received Import Request.
  Time since last request: 0.000038 seconds.
  path: Assets/3D Gamekit - Environment Pack/Environment/Vegetation/Small/Models/VegetationSmall02_02.fbx
  artifactKey: Guid(3409ea45e219ebe4c920298dbe9c7399) Importer(815301076,1909f56bfc062723c751e8b465ee728b)
Start importing Assets/3D Gamekit - Environment Pack/Environment/Vegetation/Small/Models/VegetationSmall02_02.fbx using Guid(3409ea45e219ebe4c920298dbe9c7399) Importer(815301076,1909f56bfc062723c751e8b465ee728b)  -> (artifact id: '84c5623fb1cab057cad0ba8da5065913') in 0.056088 seconds 
========================================================================
Received Import Request.
  Time since last request: 0.000069 seconds.
  path: Assets/3D Gamekit - Environment Pack/Environment/Vegetation/Small/Models/VegetationSmall03.fbx
  artifactKey: Guid(b247e1f98f261d648bafb713dd26be2a) Importer(815301076,1909f56bfc062723c751e8b465ee728b)
Start importing Assets/3D Gamekit - Environment Pack/Environment/Vegetation/Small/Models/VegetationSmall03.fbx using Guid(b247e1f98f261d648bafb713dd26be2a) Importer(815301076,1909f56bfc062723c751e8b465ee728b)  -> (artifact id: '0f636b3e89ca4ade9155750f87b333d8') in 0.054002 seconds 
Editor requested this worker to shutdown with reason: Scaling down because of idle timeout
AssetImportWorker is now disconnected from the server
Process exiting
Exiting without the bug reporter. Application will terminate with return code 0